
> react-typescript-starter@0.1.0 test
> react-scripts test "--coverage"

  console.log
    courses =  [
      {
        courseId: '0',
        name: 'Course1',
        prereqs: [],
        credithours: 50,
        satisfied_requirements: []
      },
      {
        courseId: '1',
        name: 'Course2',
        prereqs: [],
        credithours: 50,
        satisfied_requirements: []
      },
      {
        courseId: '2',
        name: 'Course3',
        prereqs: [],
        credithours: 80,
        satisfied_requirements: []
      },
      {
        courseId: '3',
        name: 'Course4',
        prereqs: [],
        credithours: 20,
        satisfied_requirements: []
      }
    ]

      at SemesterViewer (src/components/SemesterViewer.tsx:50:13)

  console.log
    courses =  [
      {
        courseId: '0',
        name: 'Course1',
        prereqs: [],
        credithours: 1000,
        satisfied_requirements: []
      }
    ]

      at SemesterViewer (src/components/SemesterViewer.tsx:50:13)

PASS src/App.test.tsx
  ✓ renders the course name somewhere (135 ms)

---------------------|---------|----------|---------|---------|-------------------------
File                 | % Stmts | % Branch | % Funcs | % Lines | Uncovered Line #s       
---------------------|---------|----------|---------|---------|-------------------------
All files            |   34.09 |    13.95 |   32.43 |   33.33 |                         
 src                 |     100 |      100 |     100 |     100 |                         
  App.tsx            |     100 |      100 |     100 |     100 |                         
 src/components      |   33.33 |    13.95 |   30.55 |   32.55 |                         
  CourseViewer.tsx   |   30.43 |    22.22 |    8.33 |   30.43 | 81-107,163-411          
  PlanViewer.tsx     |   26.41 |        0 |   38.88 |   26.41 | 51,60-65,86-147,187-238 
  SemesterViewer.tsx |   72.72 |      100 |      50 |      70 | 99-118                  
 src/templates       |       0 |        0 |       0 |       0 |                         
  course.ts          |       0 |        0 |       0 |       0 |                         
  plan.ts            |       0 |        0 |       0 |       0 |                         
  semester.ts        |       0 |        0 |       0 |       0 |                         
---------------------|---------|----------|---------|---------|-------------------------
Test Suites: 1 passed, 1 total
Tests:       1 passed, 1 total
Snapshots:   0 total
Time:        2.378 s
Ran all test suites.
