
> react-typescript-starter@0.1.0 test
> react-scripts test "--coverage"

  console.log
    courses =  [
      {
        courseId: '0',
        name: 'Course1',
        prereqs: [],
        credithours: 50,
        satisfied_requirements: []
      },
      {
        courseId: '1',
        name: 'Course2',
        prereqs: [],
        credithours: 50,
        satisfied_requirements: []
      },
      {
        courseId: '2',
        name: 'Course3',
        prereqs: [],
        credithours: 80,
        satisfied_requirements: []
      },
      {
        courseId: '3',
        name: 'Course4',
        prereqs: [],
        credithours: 20,
        satisfied_requirements: []
      }
    ]

      at SemesterViewer (src/components/SemesterViewer.tsx:38:13)

  console.log
    courses =  [
      {
        courseId: '0',
        name: 'Course1',
        prereqs: [],
        credithours: 1000,
        satisfied_requirements: []
      }
    ]

      at SemesterViewer (src/components/SemesterViewer.tsx:38:13)

PASS src/App.test.tsx
  ✓ renders the course name somewhere (149 ms)

---------------------|---------|----------|---------|---------|-------------------------
File                 | % Stmts | % Branch | % Funcs | % Lines | Uncovered Line #s       
---------------------|---------|----------|---------|---------|-------------------------
All files            |      40 |    18.18 |    37.5 |   39.18 |                         
 src                 |     100 |      100 |     100 |     100 |                         
  App.tsx            |     100 |      100 |     100 |     100 |                         
 src/components      |   39.18 |    18.18 |   35.48 |   38.35 |                         
  CourseViewer.tsx   |   31.81 |    22.22 |   11.11 |   31.81 | 69-95,155-182           
  PlanViewer.tsx     |   34.14 |        0 |   43.75 |   34.14 | 45,54-59,80-120,160-189 
  SemesterViewer.tsx |   72.72 |      100 |      50 |      70 | 87-106                  
 src/templates       |       0 |        0 |       0 |       0 |                         
  course.ts          |       0 |        0 |       0 |       0 |                         
  plan.ts            |       0 |        0 |       0 |       0 |                         
  semester.ts        |       0 |        0 |       0 |       0 |                         
---------------------|---------|----------|---------|---------|-------------------------
Test Suites: 1 passed, 1 total
Tests:       1 passed, 1 total
Snapshots:   0 total
Time:        2.547 s
Ran all test suites.
